#
# There is insufficient memory for the Java Runtime Environment to continue.
# Native memory allocation (malloc) failed to allocate 1048576 bytes for AllocateHeap
# Possible reasons:
#   The system is out of physical RAM or swap space
#   The process is running with CompressedOops enabled, and the Java Heap may be blocking the growth of the native heap
# Possible solutions:
#   Reduce memory load on the system
#   Increase physical memory or swap space
#   Check if swap backing store is full
#   Decrease Java heap size (-Xmx/-Xms)
#   Decrease number of Java threads
#   Decrease Java thread stack sizes (-Xss)
#   Set larger code cache with -XX:ReservedCodeCacheSize=
#   JVM is running with Zero Based Compressed Oops mode in which the Java heap is
#     placed in the first 32GB address space. The Java Heap base address is the
#     maximum limit for the native heap growth. Please use -XX:HeapBaseMinAddress
#     to set the Java Heap base and to place the Java Heap above 32GB virtual address.
# This output file may be truncated or incomplete.
#
#  Out of Memory Error (memory/allocation.inline.hpp:61), pid=180248, tid=0x000000000002ab04
#
# JRE version:  (8.0_341-b10) (build )
# Java VM: Java HotSpot(TM) 64-Bit Server VM (25.341-b10 mixed mode windows-amd64 compressed oops)
# Failed to write core dump. Minidumps are not enabled by default on client versions of Windows
#

---------------  T H R E A D  ---------------

Current thread (0x000001a7f69f2000):  JavaThread "Unknown thread" [_thread_in_vm, id=174852, stack(0x0000008fac400000,0x0000008fac500000)]

Stack: [0x0000008fac400000,0x0000008fac500000]
Native frames: (J=compiled Java code, j=interpreted, Vv=VM code, C=native code)
V  [jvm.dll+0x32fa99]
V  [jvm.dll+0x275ff2]
V  [jvm.dll+0x276c9d]
V  [jvm.dll+0x26d645]
V  [jvm.dll+0x509d]
V  [jvm.dll+0x3d4203]
V  [jvm.dll+0x3d4c18]
V  [jvm.dll+0xfd12f]
V  [jvm.dll+0x20a71b]
V  [jvm.dll+0x239267]
V  [jvm.dll+0x162c56]
C  [java.exe+0x2312]
C  [java.exe+0x15f54]
C  [KERNEL32.DLL+0x17034]
C  [ntdll.dll+0x526a1]


---------------  P R O C E S S  ---------------

Java Threads: ( => current thread )

Other Threads:

=>0x000001a7f69f2000 (exited) JavaThread "Unknown thread" [_thread_in_vm, id=174852, stack(0x0000008fac400000,0x0000008fac500000)]

VM state:not at safepoint (normal execution)

VM Mutex/Monitor currently owned by a thread: None

heap address: 0x00000006c1400000, size: 4076 MB, Compressed Oops mode: Zero based, Oop shift amount: 3
Narrow klass base: 0x0000000000000000, Narrow klass shift: 3
Compressed class space size: 1073741824 Address: 0x00000007c0000000

Heap:
 PSYoungGen      total 76288K, used 1310K [0x000000076b180000, 0x0000000770680000, 0x00000007c0000000)
  eden space 65536K, 2% used [0x000000076b180000,0x000000076b2c7af0,0x000000076f180000)
  from space 10752K, 0% used [0x000000076fc00000,0x000000076fc00000,0x0000000770680000)
  to   space 10752K, 0% used [0x000000076f180000,0x000000076f180000,0x000000076fc00000)
 ParOldGen       total 175104K, used 0K [0x00000006c1400000, 0x00000006cbf00000, 0x000000076b180000)
  object space 175104K, 0% used [0x00000006c1400000,0x00000006c1400000,0x00000006cbf00000)
 Metaspace       used 778K, capacity 4480K, committed 4480K, reserved 1056768K
  class space    used 76K, capacity 384K, committed 384K, reserved 1048576K

Card table byte_map: [0x000001a7f8760000,0x000001a7f8f60000] byte_map_base: 0x000001a7f5156000

Marking Bits: (ParMarkBitMap*) 0x0000000067349030
 Begin Bits: [0x000001a78f000000, 0x000001a792fb0000)
 End Bits:   [0x000001a792fb0000, 0x000001a796f60000)

Polling page: 0x000001a7f6ba0000

CodeCache: size=245760Kb used=329Kb max_used=329Kb free=245430Kb
 bounds [0x000001a780000000, 0x000001a780270000, 0x000001a78f000000]
 total_blobs=58 nmethods=0 adapters=38
 compilation: enabled

Compilation events (0 events):
No events

GC Heap History (0 events):
No events

Deoptimization events (0 events):
No events

Classes redefined (0 events):
No events

Internal exceptions (0 events):
No events

Events (10 events):
Event: 0.024 loading class java/lang/Short
Event: 0.024 loading class java/lang/Short done
Event: 0.024 loading class java/lang/Integer
Event: 0.024 loading class java/lang/Integer done
Event: 0.024 loading class java/lang/Long
Event: 0.024 loading class java/lang/Long done
Event: 0.025 loading class java/lang/NullPointerException
Event: 0.025 loading class java/lang/NullPointerException done
Event: 0.025 loading class java/lang/ArithmeticException
Event: 0.025 loading class java/lang/ArithmeticException done


Dynamic libraries:
0x00007ff6520f0000 - 0x00007ff652137000 	C:\Program Files\Java\jdk1.8.0_341\bin\java.exe
0x00007ff885350000 - 0x00007ff885548000 	C:\WINDOWS\SYSTEM32\ntdll.dll
0x00007ff884690000 - 0x00007ff88474d000 	C:\WINDOWS\System32\KERNEL32.DLL
0x00007ff882c60000 - 0x00007ff882f2e000 	C:\WINDOWS\System32\KERNELBASE.dll
0x00007ff8833b0000 - 0x00007ff88345e000 	C:\WINDOWS\System32\ADVAPI32.dll
0x00007ff884040000 - 0x00007ff8840de000 	C:\WINDOWS\System32\msvcrt.dll
0x00007ff884850000 - 0x00007ff8848ec000 	C:\WINDOWS\System32\sechost.dll
0x00007ff884950000 - 0x00007ff884a75000 	C:\WINDOWS\System32\RPCRT4.dll
0x00007ff884ef0000 - 0x00007ff885090000 	C:\WINDOWS\System32\USER32.dll
0x00007ff883380000 - 0x00007ff8833a2000 	C:\WINDOWS\System32\win32u.dll
0x00007ff884820000 - 0x00007ff88484a000 	C:\WINDOWS\System32\GDI32.dll
0x00007ff882a70000 - 0x00007ff882b7b000 	C:\WINDOWS\System32\gdi32full.dll
0x00007ff8831e0000 - 0x00007ff88327d000 	C:\WINDOWS\System32\msvcp_win.dll
0x00007ff883280000 - 0x00007ff883380000 	C:\WINDOWS\System32\ucrtbase.dll
0x00007ff8748e0000 - 0x00007ff874b7a000 	C:\WINDOWS\WinSxS\amd64_microsoft.windows.common-controls_6595b64144ccf1df_6.0.19041.1110_none_60b5254171f9507e\COMCTL32.dll
0x00007ff8841e0000 - 0x00007ff884210000 	C:\WINDOWS\System32\IMM32.DLL
0x00007ff87d8a0000 - 0x00007ff87d8b5000 	C:\Program Files\Java\jdk1.8.0_341\jre\bin\vcruntime140.dll
0x00007ff87d570000 - 0x00007ff87d60b000 	C:\Program Files\Java\jdk1.8.0_341\jre\bin\msvcp140.dll
0x0000000066b60000 - 0x00000000673c1000 	C:\Program Files\Java\jdk1.8.0_341\jre\bin\server\jvm.dll
0x00007ff8841d0000 - 0x00007ff8841d8000 	C:\WINDOWS\System32\PSAPI.DLL
0x00007ff86cf00000 - 0x00007ff86cf09000 	C:\WINDOWS\SYSTEM32\WSOCK32.dll
0x00007ff87b7d0000 - 0x00007ff87b7da000 	C:\WINDOWS\SYSTEM32\VERSION.dll
0x00007ff876ef0000 - 0x00007ff876f17000 	C:\WINDOWS\SYSTEM32\WINMM.dll
0x00007ff884380000 - 0x00007ff8843eb000 	C:\WINDOWS\System32\WS2_32.dll
0x00007ff8812f0000 - 0x00007ff881302000 	C:\WINDOWS\SYSTEM32\kernel.appcore.dll
0x00007ff87dd30000 - 0x00007ff87dd40000 	C:\Program Files\Java\jdk1.8.0_341\jre\bin\verify.dll
0x00007ff87d870000 - 0x00007ff87d89b000 	C:\Program Files\Java\jdk1.8.0_341\jre\bin\java.dll
0x00007ff87d480000 - 0x00007ff87d4b0000 	C:\Program Files\Java\jdk1.8.0_341\jre\bin\instrument.dll
0x00007ff87d660000 - 0x00007ff87d678000 	C:\Program Files\Java\jdk1.8.0_341\jre\bin\zip.dll
0x00007ff881000000 - 0x00007ff8811e4000 	C:\WINDOWS\SYSTEM32\dbghelp.dll
0x00007ff882f80000 - 0x00007ff883002000 	C:\WINDOWS\System32\bcryptPrimitives.dll

VM Arguments:
jvm_args: -Dorg.jetbrains.run.directory=E:\java-project-master\ECommeraceAppAutomationTesting\src\main\resources\features -javaagent:C:\Program Files\JetBrains\IntelliJ IDEA Community Edition 2022.2.2\lib\idea_rt.jar=52553:C:\Program Files\JetBrains\IntelliJ IDEA Community Edition 2022.2.2\bin -Dfile.encoding=UTF-8 
java_command: io.cucumber.core.cli.Main --plugin org.jetbrains.plugins.cucumber.java.run.CucumberJvm5SMFormatter --name ^Logged User could switch between currencies US\-Euro$ --glue org.example.stepDefs E:/java-project-master/ECommeraceAppAutomationTesting/src/main/resources/features/F03_currencies.feature
java_class_path (initial): C:\Program Files\Java\jdk1.8.0_341\jre\lib\charsets.jar;C:\Program Files\Java\jdk1.8.0_341\jre\lib\deploy.jar;C:\Program Files\Java\jdk1.8.0_341\jre\lib\ext\access-bridge-64.jar;C:\Program Files\Java\jdk1.8.0_341\jre\lib\ext\cldrdata.jar;C:\Program Files\Java\jdk1.8.0_341\jre\lib\ext\dnsns.jar;C:\Program Files\Java\jdk1.8.0_341\jre\lib\ext\jaccess.jar;C:\Program Files\Java\jdk1.8.0_341\jre\lib\ext\jfxrt.jar;C:\Program Files\Java\jdk1.8.0_341\jre\lib\ext\localedata.jar;C:\Program Files\Java\jdk1.8.0_341\jre\lib\ext\nashorn.jar;C:\Program Files\Java\jdk1.8.0_341\jre\lib\ext\sunec.jar;C:\Program Files\Java\jdk1.8.0_341\jre\lib\ext\sunjce_provider.jar;C:\Program Files\Java\jdk1.8.0_341\jre\lib\ext\sunmscapi.jar;C:\Program Files\Java\jdk1.8.0_341\jre\lib\ext\sunpkcs11.jar;C:\Program Files\Java\jdk1.8.0_341\jre\lib\ext\zipfs.jar;C:\Program Files\Java\jdk1.8.0_341\jre\lib\javaws.jar;C:\Program Files\Java\jdk1.8.0_341\jre\lib\jce.jar;C:\Program Files\Java\jdk1.8.0_341\jre\lib\jfr.jar;C:\Program Files\Java\jdk1.8.0_341\jre\lib\jfxswt.jar;C:\Program Files\Java\jdk1.8.0_341\jre\lib\jsse.jar;C:\Program Files\Java\jdk1.8.0_341\jre\lib\management-agent.jar;C:\Program Files\Java\jdk1.8.0_341\jre\lib\plugin.jar;C:\Program Files\Java\jdk1.8.0_341\jre\lib\resources.jar;C:\Program Files\Java\jdk1.8.0_341\jre\lib\rt.jar;E:\java-project-master\ECommeraceAppAutomationTesting\target\test-classes;E:\java-project-master\ECommeraceAppAutomationTesting\target\classes;C:\Users\pc\.m2\repository\org\seleniumhq\selenium\selenium-java\4.5.0\selenium-java-4.5.0.jar;C:\Users\pc\.m2\repository\org\seleniumhq\selenium\selenium-api\4.5.0\selenium-api-4.5.0.jar;C:\Users\pc\.m2\repository\org\seleniumhq\selenium\selenium-chrome-driver\4.5.0\selenium-chrome-driver-4.5.0.jar;C:\Users\pc\.m2\repository\com\google\auto\service\auto-service-annotations\1.0.1\auto-service-annotations-1.0.1.jar;C:\Users\pc\.m2\repository\com\google\auto\service\auto-service\1.0.1\auto-service-1.0.1
Launcher Type: SUN_STANDARD

Environment Variables:
PATH=C:\Program Files\Common Files\Oracle\Java\javapath;C:\Program Files (x86)\Common Files\Oracle\Java\javapath;C:\Program Files\Common Files\Siemens\Automation\Simatic OAM\bin;C:\Program Files (x86)\NVIDIA Corporation\PhysX\Common;C:\Program Files\WinZip\;C:\Program Files (x86)\Google\Chrome\Application;C:\python\Scripts\;C:\python\;C:\Windows\system32;C:\Windows;C:\Windows\System32\Wbem;C:\Windows\System32\WindowsPowerShell\v1.0\;C:\Windows\System32\OpenSSH\;C:\Program Files\NVIDIA Corporation\NVIDIA NGX;C:\Program Files\Common Files\Autodesk Shared\;C:\Users\pc\AppData\Local\Microsoft\WindowsApps;C:\adb;C:\WINDOWS\system32;C:\WINDOWS;C:\WINDOWS\System32\Wbem;C:\WINDOWS\System32\WindowsPowerShell\v1.0\;C:\WINDOWS\System32\OpenSSH\;C:\Program Files\PuTTY\;C:\Program Files\Git\cmd;C:\Program Files\Java\jdk1.8.0_341\bin;C:\Program Files\JetBrains\IntelliJ IDEA Community Edition 2022.2.2\plugins\maven\lib\apache-maven-3.8.6\bin;C:\Users\pc\AppData\Local\Microsoft\WindowsApps;D:\Program Files\JetBrains\IntelliJ IDEA Community Edition 2021.2.3\bin;;C:\Program Files\CodeBlocks\MinGW\bin;C:\Program Files\Java\jdk1.8.0_341\bin;C:\Program Files\JetBrains\IntelliJ IDEA Community Edition 2022.2.2\plugins\maven\lib\apache-maven-3.8.6\bin;
USERNAME=pc
OS=Windows_NT
PROCESSOR_IDENTIFIER=Intel64 Family 6 Model 158 Stepping 10, GenuineIntel



---------------  S Y S T E M  ---------------

OS: Windows 10 , 64 bit Build 19041 (10.0.19041.1889)

CPU:total 12 (initial active 12) (6 cores per cpu, 2 threads per core) family 6 model 158 stepping 10, cmov, cx8, fxsr, mmx, sse, sse2, sse3, ssse3, sse4.1, sse4.2, popcnt, avx, avx2, aes, clmul, erms, 3dnowpref, lzcnt, ht, tsc, tscinvbit, bmi1, bmi2, adx

Memory: 4k page, physical 16694516k(4290580k free), swap 32244976k(5324k free)

vm_info: Java HotSpot(TM) 64-Bit Server VM (25.341-b10) for windows-amd64 JRE (1.8.0_341-b10), built on Jun 16 2022 15:51:07 by "java_re" with MS VC++ 15.9 (VS2017)

time: Fri Oct 14 21:06:01 2022
timezone: Egypt Standard Time
elapsed time: 0.039418 seconds (0d 0h 0m 0s)

